<?xml version="1.0" encoding="UTF-8"?>
<!-- Generated by org.testng.reporters.JUnitReportReporter -->
<testsuite hostname="HP-PCTDFHGJ" failures="0" tests="1" name="com.vandvtechsolutions.inetbanking.testcasess.DemoTest" time="0.032" errors="0" timestamp="2022-03-27T10:19:01 IST" skipped="0">
  <testcase classname="com.vandvtechsolutions.inetbanking.testcasess.DemoTest" name="test" time="0.032"/>
  <system-out/>
</testsuite> <!-- com.vandvtechsolutions.inetbanking.testcasess.DemoTest -->
