<?xml version="1.0" encoding="UTF-8"?>
<!-- Generated by org.testng.reporters.JUnitReportReporter -->
<testsuite hostname="HP-PCTDFHGJ" failures="0" tests="4" name="com.vandvtechsolutions.inetbanking.testcasess.LoginTC002" time="79.119" errors="0" timestamp="2022-04-16T10:11:40 IST" skipped="0">
  <testcase classname="com.vandvtechsolutions.inetbanking.testcasess.LoginTC002" name="verifyLoginFunctionalityDDTest" time="15.908"/>
  <system-out/>
  <testcase classname="com.vandvtechsolutions.inetbanking.testcasess.LoginTC002" name="verifyLoginFunctionalityDDTest" time="17.619"/>
  <system-out/>
  <testcase classname="com.vandvtechsolutions.inetbanking.testcasess.LoginTC002" name="verifyLoginFunctionalityDDTest" time="18.160"/>
  <system-out/>
  <testcase classname="com.vandvtechsolutions.inetbanking.testcasess.LoginTC002" name="verifyLoginFunctionalityDDTest" time="27.432"/>
  <system-out/>
</testsuite> <!-- com.vandvtechsolutions.inetbanking.testcasess.LoginTC002 -->
