<?xml version="1.0" encoding="UTF-8"?>
<!-- Generated by org.testng.reporters.JUnitReportReporter -->
<testsuite hostname="HP-PCTDFHGJ" failures="0" tests="1" name="com.vandvtechsolutions.inetbanking.testcasess.AddNewCustomerTC_001" time="50.360" errors="0" timestamp="2022-04-16T11:01:00 IST" skipped="0">
  <testcase classname="com.vandvtechsolutions.inetbanking.testcasess.AddNewCustomerTC_001" name="adNewCustomerTest" time="50.360"/>
  <system-out/>
</testsuite> <!-- com.vandvtechsolutions.inetbanking.testcasess.AddNewCustomerTC_001 -->
