<?xml version="1.0" encoding="UTF-8"?>
<!-- Generated by org.testng.reporters.JUnitReportReporter -->
<testsuite hostname="HP-PCTDFHGJ" failures="0" tests="3" name="com.vandvtechsolutions.inetbanking.testcasess.HomeTC_001" time="4.711" errors="0" timestamp="2022-04-03T09:18:32 IST" skipped="1">
  <testcase classname="com.vandvtechsolutions.inetbanking.testcasess.HomeTC_001" name="verifyLoginFunctionalityTC001" time="2.521"/>
  <system-out/>
  <testcase classname="com.vandvtechsolutions.inetbanking.testcasess.HomeTC_001" name="verifyLogoutFunctionality" time="2.190"/>
  <system-out/>
  <testcase classname="com.vandvtechsolutions.inetbanking.testcasess.HomeTC_001" name="navigateToEditCutomerPage">
    <skipped/>
  </testcase> <!-- navigateToEditCutomerPage -->
  <system-out/>
</testsuite> <!-- com.vandvtechsolutions.inetbanking.testcasess.HomeTC_001 -->
